current directory: /Users/justinpringle/Google Drive/UKZN/Teaching/ENCV3FA/2021/Problem_Solving/dimensionalAnalysis/ENCV3FA-DA/.vendor/bundle/ruby/2.7.0/gems/http_parser.rb-0.6.0/ext/ruby_http_parser
/usr/local/opt/ruby@2.7/bin/ruby -I /usr/local/Cellar/ruby@2.7/2.7.2/lib/ruby/2.7.0 -r ./siteconf20210415-10614-1x7sjse.rb extconf.rb
creating Makefile

current directory: /Users/justinpringle/Google Drive/UKZN/Teaching/ENCV3FA/2021/Problem_Solving/dimensionalAnalysis/ENCV3FA-DA/.vendor/bundle/ruby/2.7.0/gems/http_parser.rb-0.6.0/ext/ruby_http_parser
make "DESTDIR=" clean
Makefile:175: warning: overriding commands for target `clean'
Makefile:175: warning: ignoring old commands for target `clean'
Makefile:182: warning: overriding commands for target `distclean'
Makefile:182: warning: ignoring old commands for target `distclean'
Makefile:190: warning: overriding commands for target `install-so'
Makefile:190: warning: ignoring old commands for target `install-so'
Makefile:200: warning: overriding commands for target `pre-install-rb-default'
Makefile:200: warning: ignoring old commands for target `pre-install-rb-default'
Makefile:202: warning: overriding commands for target `.sitearchdir.time'
Makefile:202: warning: ignoring old commands for target `.sitearchdir.time'
Makefile:212: warning: overriding commands for target `.cc.o'
Makefile:212: warning: ignoring old commands for target `.cc.o'
Makefile:216: warning: overriding commands for target `.cc.S'
Makefile:216: warning: ignoring old commands for target `.cc.S'
Makefile:220: warning: overriding commands for target `.mm.o'
Makefile:220: warning: ignoring old commands for target `.mm.o'
Makefile:224: warning: overriding commands for target `.mm.S'
Makefile:224: warning: ignoring old commands for target `.mm.S'
Makefile:228: warning: overriding commands for target `.cxx.o'
Makefile:228: warning: ignoring old commands for target `.cxx.o'
Makefile:232: warning: overriding commands for target `.cxx.S'
Makefile:232: warning: ignoring old commands for target `.cxx.S'
Makefile:236: warning: overriding commands for target `.cpp.o'
Makefile:236: warning: ignoring old commands for target `.cpp.o'
Makefile:240: warning: overriding commands for target `.cpp.S'
Makefile:240: warning: ignoring old commands for target `.cpp.S'
Makefile:244: warning: overriding commands for target `.c.o'
Makefile:244: warning: ignoring old commands for target `.c.o'
Makefile:248: warning: overriding commands for target `.c.S'
Makefile:248: warning: ignoring old commands for target `.c.S'
Makefile:252: warning: overriding commands for target `.m.o'
Makefile:252: warning: ignoring old commands for target `.m.o'
Makefile:256: warning: overriding commands for target `.m.S'
Makefile:256: warning: ignoring old commands for target `.m.S'
Makefile:260: warning: overriding commands for target `ruby_http_parser.bundle'
Makefile:260: warning: ignoring old commands for target `ruby_http_parser.bundle'

current directory: /Users/justinpringle/Google Drive/UKZN/Teaching/ENCV3FA/2021/Problem_Solving/dimensionalAnalysis/ENCV3FA-DA/.vendor/bundle/ruby/2.7.0/gems/http_parser.rb-0.6.0/ext/ruby_http_parser
make "DESTDIR="
Makefile:175: warning: overriding commands for target `clean'
Makefile:175: warning: ignoring old commands for target `clean'
Makefile:182: warning: overriding commands for target `distclean'
Makefile:182: warning: ignoring old commands for target `distclean'
Makefile:190: warning: overriding commands for target `install-so'
Makefile:190: warning: ignoring old commands for target `install-so'
Makefile:200: warning: overriding commands for target `pre-install-rb-default'
Makefile:200: warning: ignoring old commands for target `pre-install-rb-default'
Makefile:202: warning: overriding commands for target `.sitearchdir.time'
Makefile:202: warning: ignoring old commands for target `.sitearchdir.time'
Makefile:212: warning: overriding commands for target `.cc.o'
Makefile:212: warning: ignoring old commands for target `.cc.o'
Makefile:216: warning: overriding commands for target `.cc.S'
Makefile:216: warning: ignoring old commands for target `.cc.S'
Makefile:220: warning: overriding commands for target `.mm.o'
Makefile:220: warning: ignoring old commands for target `.mm.o'
Makefile:224: warning: overriding commands for target `.mm.S'
Makefile:224: warning: ignoring old commands for target `.mm.S'
Makefile:228: warning: overriding commands for target `.cxx.o'
Makefile:228: warning: ignoring old commands for target `.cxx.o'
Makefile:232: warning: overriding commands for target `.cxx.S'
Makefile:232: warning: ignoring old commands for target `.cxx.S'
Makefile:236: warning: overriding commands for target `.cpp.o'
Makefile:236: warning: ignoring old commands for target `.cpp.o'
Makefile:240: warning: overriding commands for target `.cpp.S'
Makefile:240: warning: ignoring old commands for target `.cpp.S'
Makefile:244: warning: overriding commands for target `.c.o'
Makefile:244: warning: ignoring old commands for target `.c.o'
Makefile:248: warning: overriding commands for target `.c.S'
Makefile:248: warning: ignoring old commands for target `.c.S'
Makefile:252: warning: overriding commands for target `.m.o'
Makefile:252: warning: ignoring old commands for target `.m.o'
Makefile:256: warning: overriding commands for target `.m.S'
Makefile:256: warning: ignoring old commands for target `.m.S'
Makefile:260: warning: overriding commands for target `ruby_http_parser.bundle'
Makefile:260: warning: ignoring old commands for target `ruby_http_parser.bundle'
compiling ruby_http_parser.c
clang: error: no such file or directory: 'Drive/UKZN/Teaching/ENCV3FA/2021/Problem_Solving/dimensionalAnalysis/ENCV3FA-DA/.vendor/bundle/ruby/2.7.0/gems/http_parser.rb-0.6.0/ext/ruby_http_parser'
make[1]: *** [ruby_http_parser.o] Error 1

make failed, exit code 2
